# JRE version: Java(TM) SE Runtime Environment (8.0_101-b13) (build 1.8.0_101-b13)
# Java VM: Java HotSpot(TM) 64-Bit Server VM (25.101-b13 mixed mode bsd-amd64 compressed oops)
Heap:
 PSYoungGen      total 465920K, used 232960K [0x0000000795580000, 0x00000007c0000000, 0x00000007c0000000)
  eden space 232960K, 100% used [0x0000000795580000,0x00000007a3900000,0x00000007a3900000)
  from space 232960K, 0% used [0x00000007b1c80000,0x00000007b1c80000,0x00000007c0000000)
  to   space 232960K, 0% used [0x00000007a3900000,0x00000007a3900000,0x00000007b1c80000)
 ParOldGen       total 1398272K, used 1398254K [0x0000000740000000, 0x0000000795580000, 0x0000000795580000)
  object space 1398272K, 99% used [0x0000000740000000,0x000000079557ba68,0x0000000795580000)
 Metaspace       used 4595K, capacity 5328K, committed 5632K, reserved 1056768K
  class space    used 436K, capacity 456K, committed 512K, reserved 1048576K
GC Heap History (10 events):
Event: 18.487 GC heap after
Heap after GC invocations=35 (full 21):
 PSYoungGen      total 465920K, used 232959K [0x0000000795580000, 0x00000007c0000000, 0x00000007c0000000)
  eden space 232960K, 99% used [0x0000000795580000,0x00000007a38ffd20,0x00000007a3900000)
  from space 232960K, 0% used [0x00000007b1c80000,0x00000007b1c80000,0x00000007c0000000)
  to   space 232960K, 0% used [0x00000007a3900000,0x00000007a3900000,0x00000007b1c80000)
 ParOldGen       total 1398272K, used 1398140K [0x0000000740000000, 0x0000000795580000, 0x0000000795580000)
  object space 1398272K, 99% used [0x0000000740000000,0x000000079555f028,0x0000000795580000)
 Metaspace       used 4595K, capacity 5328K, committed 5632K, reserved 1056768K
  class space    used 436K, capacity 456K, committed 512K, reserved 1048576K
}
Event: 18.488 GC heap before
{Heap before GC invocations=36 (full 22):
 PSYoungGen      total 465920K, used 232960K [0x0000000795580000, 0x00000007c0000000, 0x00000007c0000000)
  eden space 232960K, 100% used [0x0000000795580000,0x00000007a3900000,0x00000007a3900000)
  from space 232960K, 0% used [0x00000007b1c80000,0x00000007b1c80000,0x00000007c0000000)
  to   space 232960K, 0% used [0x00000007a3900000,0x00000007a3900000,0x00000007b1c80000)
 ParOldGen       total 1398272K, used 1398140K [0x0000000740000000, 0x0000000795580000, 0x0000000795580000)
  object space 1398272K, 99% used [0x0000000740000000,0x000000079555f028,0x0000000795580000)
 Metaspace       used 4595K, capacity 5328K, committed 5632K, reserved 1056768K
  class space    used 436K, capacity 456K, committed 512K, reserved 1048576K
Event: 18.836 GC heap after
Heap after GC invocations=36 (full 22):
 PSYoungGen      total 465920K, used 232959K [0x0000000795580000, 0x00000007c0000000, 0x00000007c0000000)
  eden space 232960K, 99% used [0x0000000795580000,0x00000007a38fff70,0x00000007a3900000)
  from space 232960K, 0% used [0x00000007b1c80000,0x00000007b1c80000,0x00000007c0000000)
  to   space 232960K, 0% used [0x00000007a3900000,0x00000007a3900000,0x00000007b1c80000)
 ParOldGen       total 1398272K, used 1398140K [0x0000000740000000, 0x0000000795580000, 0x0000000795580000)
  object space 1398272K, 99% used [0x0000000740000000,0x000000079555f028,0x0000000795580000)
 Metaspace       used 4595K, capacity 5328K, committed 5632K, reserved 1056768K
  class space    used 436K, capacity 456K, committed 512K, reserved 1048576K
}
Event: 18.836 GC heap before
{Heap before GC invocations=37 (full 23):
 PSYoungGen      total 465920K, used 232960K [0x0000000795580000, 0x00000007c0000000, 0x00000007c0000000)
  eden space 232960K, 100% used [0x0000000795580000,0x00000007a3900000,0x00000007a3900000)
  from space 232960K, 0% used [0x00000007b1c80000,0x00000007b1c80000,0x00000007c0000000)
  to   space 232960K, 0% used [0x00000007a3900000,0x00000007a3900000,0x00000007b1c80000)
 ParOldGen       total 1398272K, used 1398166K [0x0000000740000000, 0x0000000795580000, 0x0000000795580000)
  object space 1398272K, 99% used [0x0000000740000000,0x00000007955659a8,0x0000000795580000)
 Metaspace       used 4595K, capacity 5328K, committed 5632K, reserved 1056768K
  class space    used 436K, capacity 456K, committed 512K, reserved 1048576K
Event: 19.350 GC heap after
Heap after GC invocations=37 (full 23):
 PSYoungGen      total 465920K, used 232959K [0x0000000795580000, 0x00000007c0000000, 0x00000007c0000000)
  eden space 232960K, 99% used [0x0000000795580000,0x00000007a38fff70,0x00000007a3900000)
  from space 232960K, 0% used [0x00000007b1c80000,0x00000007b1c80000,0x00000007c0000000)
  to   space 232960K, 0% used [0x00000007a3900000,0x00000007a3900000,0x00000007b1c80000)
 ParOldGen       total 1398272K, used 1398154K [0x0000000740000000, 0x0000000795580000, 0x0000000795580000)
  object space 1398272K, 99% used [0x0000000740000000,0x00000007955628e0,0x0000000795580000)
 Metaspace       used 4595K, capacity 5328K, committed 5632K, reserved 1056768K
  class space    used 436K, capacity 456K, committed 512K, reserved 1048576K
}
Event: 19.350 GC heap before
{Heap before GC invocations=38 (full 24):
 PSYoungGen      total 465920K, used 232960K [0x0000000795580000, 0x00000007c0000000, 0x00000007c0000000)
  eden space 232960K, 100% used [0x0000000795580000,0x00000007a3900000,0x00000007a3900000)
  from space 232960K, 0% used [0x00000007b1c80000,0x00000007b1c80000,0x00000007c0000000)
  to   space 232960K, 0% used [0x00000007a3900000,0x00000007a3900000,0x00000007b1c80000)
 ParOldGen       total 1398272K, used 1398154K [0x0000000740000000, 0x0000000795580000, 0x0000000795580000)
  object space 1398272K, 99% used [0x0000000740000000,0x00000007955628e0,0x0000000795580000)
 Metaspace       used 4595K, capacity 5328K, committed 5632K, reserved 1056768K
  class space    used 436K, capacity 456K, committed 512K, reserved 1048576K
Event: 19.754 GC heap after
Heap after GC invocations=38 (full 24):
 PSYoungGen      total 465920K, used 232959K [0x0000000795580000, 0x00000007c0000000, 0x00000007c0000000)
  eden space 232960K, 99% used [0x0000000795580000,0x00000007a38fffe0,0x00000007a3900000)
  from space 232960K, 0% used [0x00000007b1c80000,0x00000007b1c80000,0x00000007c0000000)
  to   space 232960K, 0% used [0x00000007a3900000,0x00000007a3900000,0x00000007b1c80000)
 ParOldGen       total 1398272K, used 1398154K [0x0000000740000000, 0x0000000795580000, 0x0000000795580000)
  object space 1398272K, 99% used [0x0000000740000000,0x00000007955628e0,0x0000000795580000)
 Metaspace       used 4595K, capacity 5328K, committed 5632K, reserved 1056768K
  class space    used 436K, capacity 456K, committed 512K, reserved 1048576K
}
Event: 19.755 GC heap before
{Heap before GC invocations=39 (full 25):
 PSYoungGen      total 465920K, used 232960K [0x0000000795580000, 0x00000007c0000000, 0x00000007c0000000)
  eden space 232960K, 100% used [0x0000000795580000,0x00000007a3900000,0x00000007a3900000)
  from space 232960K, 0% used [0x00000007b1c80000,0x00000007b1c80000,0x00000007c0000000)
  to   space 232960K, 0% used [0x00000007a3900000,0x00000007a3900000,0x00000007b1c80000)
 ParOldGen       total 1398272K, used 1398180K [0x0000000740000000, 0x0000000795580000, 0x0000000795580000)
  object space 1398272K, 99% used [0x0000000740000000,0x00000007955692a8,0x0000000795580000)
 Metaspace       used 4595K, capacity 5328K, committed 5632K, reserved 1056768K
  class space    used 436K, capacity 456K, committed 512K, reserved 1048576K
Event: 20.316 GC heap after
Heap after GC invocations=39 (full 25):
 PSYoungGen      total 465920K, used 232959K [0x0000000795580000, 0x00000007c0000000, 0x00000007c0000000)
  eden space 232960K, 99% used [0x0000000795580000,0x00000007a38fffe0,0x00000007a3900000)
  from space 232960K, 0% used [0x00000007b1c80000,0x00000007b1c80000,0x00000007c0000000)
  to   space 232960K, 0% used [0x00000007a3900000,0x00000007a3900000,0x00000007b1c80000)
 ParOldGen       total 1398272K, used 1398168K [0x0000000740000000, 0x0000000795580000, 0x0000000795580000)
  object space 1398272K, 99% used [0x0000000740000000,0x00000007955661c8,0x0000000795580000)
 Metaspace       used 4595K, capacity 5328K, committed 5632K, reserved 1056768K
  class space    used 436K, capacity 456K, committed 512K, reserved 1048576K
}
Event: 20.317 GC heap before
{Heap before GC invocations=40 (full 26):
 PSYoungGen      total 465920K, used 232960K [0x0000000795580000, 0x00000007c0000000, 0x00000007c0000000)
  eden space 232960K, 100% used [0x0000000795580000,0x00000007a3900000,0x00000007a3900000)
  from space 232960K, 0% used [0x00000007b1c80000,0x00000007b1c80000,0x00000007c0000000)
  to   space 232960K, 0% used [0x00000007a3900000,0x00000007a3900000,0x00000007b1c80000)
 ParOldGen       total 1398272K, used 1398254K [0x0000000740000000, 0x0000000795580000, 0x0000000795580000)
  object space 1398272K, 99% used [0x0000000740000000,0x000000079557ba68,0x0000000795580000)
 Metaspace       used 4595K, capacity 5328K, committed 5632K, reserved 1056768K
  class space    used 436K, capacity 456K, committed 512K, reserved 1048576K

